1650610047409	geckodriver	INFO	Listening on 127.0.0.1:34749
1650610296852	geckodriver	INFO	Listening on 127.0.0.1:37319
1650610429442	geckodriver	INFO	Listening on 127.0.0.1:38609
1650610429941	mozrunner::runner	INFO	Running command: "/usr/bin/firefox" "--marionette" "-headless" "--remote-debugging-port" "57199" "--remote-allow-hosts" "localhost" "-no-remote" "-profile" "/tmp/rust_mozprofileZ7QuEA"
*** You are running in headless mode.
[GFX1-]: glxtest: libGL.so.1 missing
[GFX1-]: glxtest: libEGL missing
1650610431124	Marionette	INFO	Marionette enabled
[GFX1-]: RenderCompositorSWGL failed mapping default framebuffer, no dt
console.warn: SearchSettings: "get: No settings file exists, new profile?" (new NotFoundError("Could not open the file at /tmp/rust_mozprofileZ7QuEA/search.json.mozlz4", (void 0)))
DevTools listening on ws://localhost:57199/devtools/browser/6d13cb9e-3e94-497a-9cef-adefc4659370
1650610437149	Marionette	INFO	Listening on port 36681
Read port: 36681
1650610437213	RemoteAgent	WARN	TLS certificate errors will be ignored for this session
JavaScript warning: https://mc.yandex.ru/metrika/tag.js, line 156: WebGL warning: <Create>: WebglAllowWindowsNativeGl:false restricts context creation on this system.
JavaScript warning: https://mc.yandex.ru/metrika/tag.js, line 156: Failed to create WebGL context: WebGL creation failed: 
* WebglAllowWindowsNativeGl:false restricts context creation on this system. ()
* Exhausted GL driver options. (FEATURE_FAILURE_WEBGL_EXHAUSTED_DRIVERS)
JavaScript warning: https://mc.yandex.ru/metrika/tag.js, line 156: WebGL warning: <Create>: WebglAllowWindowsNativeGl:false restricts context creation on this system.
JavaScript warning: https://mc.yandex.ru/metrika/tag.js, line 156: Failed to create WebGL context: WebGL creation failed: 
* WebglAllowWindowsNativeGl:false restricts context creation on this system. ()
* Exhausted GL driver options. (FEATURE_FAILURE_WEBGL_EXHAUSTED_DRIVERS)
JavaScript warning: https://www.avito.ru/dstatic/build/client/f.f620419292c6b4bd4b98.js, line 6: WebGL warning: <Create>: WebglAllowWindowsNativeGl:false restricts context creation on this system.
JavaScript warning: https://www.avito.ru/dstatic/build/client/f.f620419292c6b4bd4b98.js, line 6: Failed to create WebGL context: WebGL creation failed: 
* WebglAllowWindowsNativeGl:false restricts context creation on this system. ()
* Exhausted GL driver options. (FEATURE_FAILURE_WEBGL_EXHAUSTED_DRIVERS)
[Child 7449, MediaDecoderStateMachine #1] WARNING: 7f629c30eb60 OpenCubeb() failed to init cubeb: file /build/firefox-gifbvm/firefox-99.0+build2/dom/media/AudioStream.cpp:286
[Child 7449, MediaDecoderStateMachine #1] WARNING: Decoder=7f629d19ef00 [OnMediaSinkAudioError]: file /build/firefox-gifbvm/firefox-99.0+build2/dom/media/MediaDecoderStateMachine.cpp:4027
[Child 7449, MediaDecoderStateMachine #1] WARNING: Decoder=7f629d19ef00 Decode error: NS_ERROR_DOM_MEDIA_MEDIASINK_ERR (0x806e000b) - OnMediaSinkAudioError: file /build/firefox-gifbvm/firefox-99.0+build2/dom/media/MediaDecoderStateMachine.cpp:3577
JavaScript warning: https://mc.yandex.ru/metrika/watch.js, line 126: WebGL warning: <Create>: WebglAllowWindowsNativeGl:false restricts context creation on this system.
JavaScript warning: https://mc.yandex.ru/metrika/watch.js, line 126: Failed to create WebGL context: WebGL creation failed: 
* WebglAllowWindowsNativeGl:false restricts context creation on this system. ()
* Exhausted GL driver options. (FEATURE_FAILURE_WEBGL_EXHAUSTED_DRIVERS)
JavaScript warning: https://mc.yandex.ru/metrika/watch.js, line 126: WebGL warning: <Create>: WebglAllowWindowsNativeGl:false restricts context creation on this system.
JavaScript warning: https://mc.yandex.ru/metrika/watch.js, line 126: Failed to create WebGL context: WebGL creation failed: 
* WebglAllowWindowsNativeGl:false restricts context creation on this system. ()
* Exhausted GL driver options. (FEATURE_FAILURE_WEBGL_EXHAUSTED_DRIVERS)
1650610672844	geckodriver	INFO	Listening on 127.0.0.1:43079
Exiting due to channel error.
Exiting due to channel error.
Exiting due to channel error.
1650637338632	geckodriver	INFO	Listening on 127.0.0.1:55885
1650637339125	mozrunner::runner	INFO	Running command: "/usr/bin/firefox" "--marionette" "-headless" "--remote-debugging-port" "49167" "--remote-allow-hosts" "localhost" "-no-remote" "-profile" "/tmp/rust_mozprofileIzDz8z"
*** You are running in headless mode.
[GFX1-]: glxtest: libGL.so.1 missing
[GFX1-]: glxtest: libEGL missing
1650637340933	Marionette	INFO	Marionette enabled
[GFX1-]: RenderCompositorSWGL failed mapping default framebuffer, no dt
console.warn: SearchSettings: "get: No settings file exists, new profile?" (new NotFoundError("Could not open the file at /tmp/rust_mozprofileIzDz8z/search.json.mozlz4", (void 0)))
DevTools listening on ws://localhost:49167/devtools/browser/190b0dec-2779-4fd1-9fbb-af83aa26d462
1650637347975	Marionette	INFO	Listening on port 36191
Read port: 36191
1650637348198	RemoteAgent	WARN	TLS certificate errors will be ignored for this session
1650637348235	RemoteAgent	INFO	Proxy settings initialised: {"proxyType":"manual","httpProxy":"127.0.0.1:36357","sslProxy":"127.0.0.1:36357"}
1650637675001	geckodriver	INFO	Listening on 127.0.0.1:52155
1650637675525	mozrunner::runner	INFO	Running command: "/usr/bin/firefox" "--marionette" "-headless" "--remote-debugging-port" "54761" "--remote-allow-hosts" "localhost" "-no-remote" "-profile" "/tmp/rust_mozprofileiBA42x"
*** You are running in headless mode.
[GFX1-]: glxtest: libGL.so.1 missing
[GFX1-]: glxtest: libEGL missing
1650637677853	Marionette	INFO	Marionette enabled
[GFX1-]: RenderCompositorSWGL failed mapping default framebuffer, no dt
console.warn: SearchSettings: "get: No settings file exists, new profile?" (new NotFoundError("Could not open the file at /tmp/rust_mozprofileiBA42x/search.json.mozlz4", (void 0)))
Exiting due to channel error.
Exiting due to channel error.
Exiting due to channel error.
1650637831044	geckodriver	INFO	Listening on 127.0.0.1:36725
1650637831553	mozrunner::runner	INFO	Running command: "/usr/bin/firefox" "--marionette" "-headless" "--remote-debugging-port" "60555" "--remote-allow-hosts" "localhost" "-no-remote" "-profile" "/tmp/rust_mozprofilecRXapD"
*** You are running in headless mode.
1650637868951	geckodriver	INFO	Listening on 127.0.0.1:49445
1650637869479	mozrunner::runner	INFO	Running command: "/usr/bin/firefox" "--marionette" "-headless" "--remote-debugging-port" "53023" "--remote-allow-hosts" "localhost" "-no-remote" "-profile" "/tmp/rust_mozprofileU3JYHE"
*** You are running in headless mode.
[GFX1-]: glxtest: libGL.so.1 missing
[GFX1-]: glxtest: libEGL missing
1650637871625	Marionette	INFO	Marionette enabled
[GFX1-]: RenderCompositorSWGL failed mapping default framebuffer, no dt
console.warn: SearchSettings: "get: No settings file exists, new profile?" (new NotFoundError("Could not open the file at /tmp/rust_mozprofileU3JYHE/search.json.mozlz4", (void 0)))
Exiting due to channel error.
Exiting due to channel error.
1650637907249	geckodriver	INFO	Listening on 127.0.0.1:54733
1650637907760	mozrunner::runner	INFO	Running command: "/usr/bin/firefox" "--marionette" "-headless" "--remote-debugging-port" "56047" "--remote-allow-hosts" "localhost" "-no-remote" "-profile" "/tmp/rust_mozprofile5z0Urd"
*** You are running in headless mode.
[GFX1-]: glxtest: libGL.so.1 missing
[GFX1-]: glxtest: libEGL missing
1650637910170	Marionette	INFO	Marionette enabled
[GFX1-]: RenderCompositorSWGL failed mapping default framebuffer, no dt
console.warn: SearchSettings: "get: No settings file exists, new profile?" (new NotFoundError("Could not open the file at /tmp/rust_mozprofile5z0Urd/search.json.mozlz4", (void 0)))
DevTools listening on ws://localhost:56047/devtools/browser/00abfabe-c092-4b97-b2b9-f57b3eb3b9c9
1650637948049	Marionette	INFO	Listening on port 44905
Read port: 44905
1650637948468	RemoteAgent	WARN	TLS certificate errors will be ignored for this session
1650637948526	RemoteAgent	INFO	Proxy settings initialised: {"proxyType":"manual","httpProxy":"127.0.0.1:42085","sslProxy":"127.0.0.1:42085"}
1650637996380	geckodriver	INFO	Listening on 127.0.0.1:51465
1650637997125	mozrunner::runner	INFO	Running command: "/usr/bin/firefox" "--marionette" "-headless" "--remote-debugging-port" "56999" "--remote-allow-hosts" "localhost" "-no-remote" "-profile" "/tmp/rust_mozprofileRxYCe9"
*** You are running in headless mode.
Fatal Python error: init_import_size: Failed to import the site module
Python runtime state: initialized

1650638388672	geckodriver	INFO	Listening on 127.0.0.1:59513
1650638389160	mozrunner::runner	INFO	Running command: "/usr/bin/firefox" "--marionette" "-headless" "--remote-debugging-port" "33429" "--remote-allow-hosts" "localhost" "-no-remote" "-profile" "/tmp/rust_mozprofile7j2hxw"
*** You are running in headless mode.
[GFX1-]: glxtest: libGL.so.1 missing
[GFX1-]: glxtest: libEGL missing
1650638391051	Marionette	INFO	Marionette enabled
[GFX1-]: RenderCompositorSWGL failed mapping default framebuffer, no dt
console.warn: SearchSettings: "get: No settings file exists, new profile?" (new NotFoundError("Could not open the file at /tmp/rust_mozprofile7j2hxw/search.json.mozlz4", (void 0)))
DevTools listening on ws://localhost:33429/devtools/browser/33d98e17-4808-4538-9d83-53fa8fd0a521
1650638397410	Marionette	INFO	Listening on port 33041
Read port: 33041
1650638397575	RemoteAgent	WARN	TLS certificate errors will be ignored for this session
1650638397590	RemoteAgent	INFO	Proxy settings initialised: {"proxyType":"manual","httpProxy":"127.0.0.1:38687","sslProxy":"127.0.0.1:38687"}
1650638665352	geckodriver	INFO	Listening on 127.0.0.1:52885
1650638665857	mozrunner::runner	INFO	Running command: "/usr/bin/firefox" "--marionette" "-headless" "--remote-debugging-port" "34353" "--remote-allow-hosts" "localhost" "-no-remote" "-profile" "/tmp/rust_mozprofileqKkWB5"
*** You are running in headless mode.
[GFX1-]: glxtest: libGL.so.1 missing
[GFX1-]: glxtest: libEGL missing
1650638667554	Marionette	INFO	Marionette enabled
[GFX1-]: RenderCompositorSWGL failed mapping default framebuffer, no dt
console.warn: SearchSettings: "get: No settings file exists, new profile?" (new NotFoundError("Could not open the file at /tmp/rust_mozprofileqKkWB5/search.json.mozlz4", (void 0)))
DevTools listening on ws://localhost:34353/devtools/browser/ba12d3c0-61ba-4846-82a4-dc282203354f
1650638676394	Marionette	INFO	Listening on port 39103
Read port: 39103
1650638676572	RemoteAgent	WARN	TLS certificate errors will be ignored for this session
1650638676595	RemoteAgent	INFO	Proxy settings initialised: {"proxyType":"manual","httpProxy":"127.0.0.1:41679","sslProxy":"127.0.0.1:41679"}
1650638723832	geckodriver	INFO	Listening on 127.0.0.1:47469
1650638724351	mozrunner::runner	INFO	Running command: "/usr/bin/firefox" "--marionette" "-headless" "--remote-debugging-port" "49095" "--remote-allow-hosts" "localhost" "-no-remote" "-profile" "/tmp/rust_mozprofile0PT1ov"
*** You are running in headless mode.
[GFX1-]: glxtest: libGL.so.1 missing
[GFX1-]: glxtest: libEGL missing
1650638725398	Marionette	INFO	Marionette enabled
[GFX1-]: RenderCompositorSWGL failed mapping default framebuffer, no dt
console.warn: SearchSettings: "get: No settings file exists, new profile?" (new NotFoundError("Could not open the file at /tmp/rust_mozprofile0PT1ov/search.json.mozlz4", (void 0)))
DevTools listening on ws://localhost:49095/devtools/browser/3b67469f-7742-41b5-a0ec-d707bd957fd7
1650638732402	Marionette	INFO	Listening on port 43363
Read port: 43363
1650638732627	RemoteAgent	WARN	TLS certificate errors will be ignored for this session
1650638732650	RemoteAgent	INFO	Proxy settings initialised: {"proxyType":"manual","httpProxy":"127.0.0.1:42361","sslProxy":"127.0.0.1:42361"}
1650638959631	geckodriver	INFO	Listening on 127.0.0.1:42925
1650638960133	mozrunner::runner	INFO	Running command: "/usr/bin/firefox" "--marionette" "-headless" "--remote-debugging-port" "58795" "--remote-allow-hosts" "localhost" "-no-remote" "-profile" "/tmp/rust_mozprofileQZEtZc"
*** You are running in headless mode.
[GFX1-]: glxtest: libGL.so.1 missing
[GFX1-]: glxtest: libEGL missing
1650638963556	Marionette	INFO	Marionette enabled
console.error: Region.jsm: "Error fetching region" (new AbortError("The operation was aborted. ", (void 0), 770))
console.error: Region.jsm: "Failed to fetch region" (new Error("NO_RESULT", "resource://gre/modules/Region.jsm", 419))
[GFX1-]: RenderCompositorSWGL failed mapping default framebuffer, no dt
console.warn: SearchSettings: "get: No settings file exists, new profile?" (new NotFoundError("Could not open the file at /tmp/rust_mozprofileQZEtZc/search.json.mozlz4", (void 0)))
Exiting due to channel error.
Exiting due to channel error.
Exiting due to channel error.
1650639357893	geckodriver	INFO	Listening on 127.0.0.1:46487
1650639358397	mozrunner::runner	INFO	Running command: "/usr/bin/firefox" "--marionette" "-headless" "--remote-debugging-port" "60159" "--remote-allow-hosts" "localhost" "-no-remote" "-profile" "/tmp/rust_mozprofileHp8Hmt"
*** You are running in headless mode.
[GFX1-]: glxtest: libGL.so.1 missing
[GFX1-]: glxtest: libEGL missing
1650639360283	Marionette	INFO	Marionette enabled
[GFX1-]: RenderCompositorSWGL failed mapping default framebuffer, no dt
console.warn: SearchSettings: "get: No settings file exists, new profile?" (new NotFoundError("Could not open the file at /tmp/rust_mozprofileHp8Hmt/search.json.mozlz4", (void 0)))
Exiting due to channel error.
Exiting due to channel error.
Exiting due to channel error.
1650639456700	geckodriver	INFO	Listening on 127.0.0.1:38523
1650639457189	mozrunner::runner	INFO	Running command: "/usr/bin/firefox" "--marionette" "-headless" "--remote-debugging-port" "40031" "--remote-allow-hosts" "localhost" "-no-remote" "-profile" "/tmp/rust_mozprofileTvm0lG"
*** You are running in headless mode.
[GFX1-]: glxtest: libGL.so.1 missing
[GFX1-]: glxtest: libEGL missing
1650639459016	Marionette	INFO	Marionette enabled
[GFX1-]: RenderCompositorSWGL failed mapping default framebuffer, no dt
console.warn: SearchSettings: "get: No settings file exists, new profile?" (new NotFoundError("Could not open the file at /tmp/rust_mozprofileTvm0lG/search.json.mozlz4", (void 0)))
Exiting due to channel error.
Exiting due to channel error.
Exiting due to channel error.
1650639587937	geckodriver	INFO	Listening on 127.0.0.1:42369
1650639588454	mozrunner::runner	INFO	Running command: "/usr/bin/firefox" "--marionette" "-headless" "--remote-debugging-port" "42763" "--remote-allow-hosts" "localhost" "-no-remote" "-profile" "/tmp/rust_mozprofilequsRcS"
*** You are running in headless mode.
[GFX1-]: glxtest: libGL.so.1 missing
[GFX1-]: glxtest: libEGL missing
1650639590273	Marionette	INFO	Marionette enabled
[GFX1-]: RenderCompositorSWGL failed mapping default framebuffer, no dt
console.warn: SearchSettings: "get: No settings file exists, new profile?" (new NotFoundError("Could not open the file at /tmp/rust_mozprofilequsRcS/search.json.mozlz4", (void 0)))
Exiting due to channel error.
Exiting due to channel error.
Exiting due to channel error.
1650639719241	geckodriver	INFO	Listening on 127.0.0.1:55813
1650639719760	mozrunner::runner	INFO	Running command: "/usr/bin/firefox" "--marionette" "-headless" "--remote-debugging-port" "45819" "--remote-allow-hosts" "localhost" "-no-remote" "-profile" "/tmp/rust_mozprofilePGvVuO"
*** You are running in headless mode.
[GFX1-]: glxtest: libGL.so.1 missing
[GFX1-]: glxtest: libEGL missing
1650639721932	Marionette	INFO	Marionette enabled
[GFX1-]: RenderCompositorSWGL failed mapping default framebuffer, no dt
console.warn: SearchSettings: "get: No settings file exists, new profile?" (new NotFoundError("Could not open the file at /tmp/rust_mozprofilePGvVuO/search.json.mozlz4", (void 0)))
Exiting due to channel error.
Exiting due to channel error.

###!!! [Child][PContentChild] Error: SendBuildIDsMatchMessage(msgname=BUILD_IDS_MATCH_MESSAGE) Channel error: cannot send/recv

1650639850424	geckodriver	INFO	Listening on 127.0.0.1:48935
1650639850953	mozrunner::runner	INFO	Running command: "/usr/bin/firefox" "--marionette" "-headless" "--remote-debugging-port" "47325" "--remote-allow-hosts" "localhost" "-no-remote" "-profile" "/tmp/rust_mozprofileGIk3K3"
*** You are running in headless mode.
[GFX1-]: glxtest: libGL.so.1 missing
[GFX1-]: glxtest: libEGL missing
1650639853020	Marionette	INFO	Marionette enabled
[GFX1-]: RenderCompositorSWGL failed mapping default framebuffer, no dt
console.warn: SearchSettings: "get: No settings file exists, new profile?" (new NotFoundError("Could not open the file at /tmp/rust_mozprofileGIk3K3/search.json.mozlz4", (void 0)))
Exiting due to channel error.
Exiting due to channel error.
Exiting due to channel error.
1650639981602	geckodriver	INFO	Listening on 127.0.0.1:43869
1650639982152	mozrunner::runner	INFO	Running command: "/usr/bin/firefox" "--marionette" "-headless" "--remote-debugging-port" "42801" "--remote-allow-hosts" "localhost" "-no-remote" "-profile" "/tmp/rust_mozprofileQK1lc3"
*** You are running in headless mode.
[GFX1-]: glxtest: libGL.so.1 missing
[GFX1-]: glxtest: libEGL missing
1650639984202	Marionette	INFO	Marionette enabled
[GFX1-]: RenderCompositorSWGL failed mapping default framebuffer, no dt
console.warn: SearchSettings: "get: No settings file exists, new profile?" (new NotFoundError("Could not open the file at /tmp/rust_mozprofileQK1lc3/search.json.mozlz4", (void 0)))
Exiting due to channel error.
Exiting due to channel error.
Exiting due to channel error.
1650640112584	geckodriver	INFO	Listening on 127.0.0.1:54731
1650640113110	mozrunner::runner	INFO	Running command: "/usr/bin/firefox" "--marionette" "-headless" "--remote-debugging-port" "51159" "--remote-allow-hosts" "localhost" "-no-remote" "-profile" "/tmp/rust_mozprofileg9I3m6"
*** You are running in headless mode.
[GFX1-]: glxtest: libGL.so.1 missing
[GFX1-]: glxtest: libEGL missing
1650640115488	Marionette	INFO	Marionette enabled
[GFX1-]: RenderCompositorSWGL failed mapping default framebuffer, no dt
console.warn: SearchSettings: "get: No settings file exists, new profile?" (new NotFoundError("Could not open the file at /tmp/rust_mozprofileg9I3m6/search.json.mozlz4", (void 0)))
Exiting due to channel error.
Exiting due to channel error.
Exiting due to channel error.
1650640243574	geckodriver	INFO	Listening on 127.0.0.1:41153
1650640244107	mozrunner::runner	INFO	Running command: "/usr/bin/firefox" "--marionette" "-headless" "--remote-debugging-port" "47931" "--remote-allow-hosts" "localhost" "-no-remote" "-profile" "/tmp/rust_mozprofile8xNQZj"
*** You are running in headless mode.
[GFX1-]: glxtest: libGL.so.1 missing
[GFX1-]: glxtest: libEGL missing
1650640246162	Marionette	INFO	Marionette enabled
[GFX1-]: RenderCompositorSWGL failed mapping default framebuffer, no dt
console.warn: SearchSettings: "get: No settings file exists, new profile?" (new NotFoundError("Could not open the file at /tmp/rust_mozprofile8xNQZj/search.json.mozlz4", (void 0)))
Exiting due to channel error.
Exiting due to channel error.

###!!! [Child][PContentChild] Error: SendBuildIDsMatchMessage(msgname=BUILD_IDS_MATCH_MESSAGE) Channel error: cannot send/recv

1650640375009	geckodriver	INFO	Listening on 127.0.0.1:36651
1650640375514	mozrunner::runner	INFO	Running command: "/usr/bin/firefox" "--marionette" "-headless" "--remote-debugging-port" "48831" "--remote-allow-hosts" "localhost" "-no-remote" "-profile" "/tmp/rust_mozprofileJJTlfW"
*** You are running in headless mode.
[GFX1-]: glxtest: libGL.so.1 missing
[GFX1-]: glxtest: libEGL missing
1650640377620	Marionette	INFO	Marionette enabled
[GFX1-]: RenderCompositorSWGL failed mapping default framebuffer, no dt
console.warn: SearchSettings: "get: No settings file exists, new profile?" (new NotFoundError("Could not open the file at /tmp/rust_mozprofileJJTlfW/search.json.mozlz4", (void 0)))
Exiting due to channel error.
Exiting due to channel error.
Exiting due to channel error.
Exiting due to channel error.
Exiting due to channel error.
Exiting due to channel error.
Exiting due to channel error.
Exiting due to channel error.
Exiting due to channel error.
